<?xml version="1.0" encoding="UTF-8"?>
<!-- Generated by org.testng.reporters.JUnitReportReporter -->
<testsuite skipped="0" hostname="Win7Prof-PC" name="StringCalculatorTest" tests="4" failures="0" timestamp="06 Oct 2017 02:47:18 GMT" time="0.009" errors="0">
  <testcase name="whenMoreThan2NumbersAreUsed" time="0.000" classname="StringCalculatorTest"/>
  <testcase name="when2NumbersAreUsed" time="0.009" classname="StringCalculatorTest"/>
  <testcase name="whenEmptyStringIsUsed" time="0.000" classname="StringCalculatorTest"/>
  <testcase name="whenNonNumberIsUsed" time="0.000" classname="StringCalculatorTest"/>
</testsuite> <!-- StringCalculatorTest -->
